13/06 17:40:13  INFO com.intellij.internal.statistic.uploader - Process started with '--ide-token /home/olenepal/.cache/JetBrains/PyCharmCE2024.1/token --recorders FUS;MP --device-fus 11122330211f2d6-b050-4959-98a3-851dd9603fe3 --bucket-fus 64 --machine-fus e5dd32cc22059ff5f5a3e2743c88ad7767eca5b8afda5624b233f4a5cc42a56d --id-revision-fus 0 --files-fus /home/olenepal/.cache/JetBrains/PyCharmCE2024.1/event-log-data/logs/FUS/ed13-4a22-8277-34e20feebaf4-241.17890.14-release.log --escape-fus true --device-mp 11122334815530d-15df-47d6-b14d-28ef8f30bbd2 --bucket-mp 197 --machine-mp 5f6e42c5a9369578c5dd5457da00e1bb6d3b531bda4d94f1eca6113424e02048 --id-revision-mp 0 --files-mp  --escape-mp true --url https://resources.jetbrains.com/storage/fus/config/v4/%s/%s.json --product PC --product-version 2024.1.3 --baseline-version 241 --user-agent PyCharm/241.17890.14 --extra-headers '
13/06 17:40:13  INFO com.intellij.internal.statistic.uploader - Classpath:/snap/pycharm-community/388/lib/util-8.jar:/snap/pycharm-community/388/lib/annotations.jar:/snap/pycharm-community/388/lib/lib-client.jar:/snap/pycharm-community/388/lib/stats.jar
13/06 17:40:13  INFO com.intellij.internal.statistic.uploader.events - 1718279713757 STARTED ALL
13/06 17:40:13  INFO com.intellij.internal.statistic.uploader - IDE token file: /home/olenepal/.cache/JetBrains/PyCharmCE2024.1/token
13/06 17:40:13  INFO com.intellij.internal.statistic.uploader - [FUS] Start uploading...
13/06 17:40:13  INFO com.intellij.internal.statistic.uploader - [MP] Start uploading...
13/06 17:40:13  INFO com.intellij.internal.statistic.uploader - [MP] {product:PC, productVersion:2024.1.3, userAgent:PyCharm/241.17890.14(External), url: https://resources.jetbrains.com/storage/fus/config/v4/%s/%s.json, internal:false, isTestConfig:false, isTestSendEndpoint:false}
13/06 17:40:13  INFO com.intellij.internal.statistic.uploader - [FUS] {product:PC, productVersion:2024.1.3, userAgent:PyCharm/241.17890.14(External), url: https://resources.jetbrains.com/storage/fus/config/v4/%s/%s.json, internal:false, isTestConfig:false, isTestSendEndpoint:false}
13/06 17:40:13  INFO com.intellij.internal.statistic.uploader - [FUS] {recorder:FUS, files:/home/olenepal/.cache/JetBrains/PyCharmCE2024.1/event-log-data/logs/FUS/ed13-4a22-8277-34e20feebaf4-241.17890.14-release.log}
13/06 17:40:13  INFO com.intellij.internal.statistic.uploader - [MP] {recorder:MP, files:}
13/06 17:40:13  INFO com.intellij.internal.statistic.uploader - [FUS] {device:11122330211f2d6-b050-4959-98a3-851dd9603fe3, bucket:64}
13/06 17:40:13  INFO com.intellij.internal.statistic.uploader - [MP] {device:11122334815530d-15df-47d6-b14d-28ef8f30bbd2, bucket:197}
13/06 17:40:13  INFO com.intellij.internal.statistic.uploader.events - 1718279713850 FINISHED MP NOTHING_TO_SEND
13/06 17:40:13 FINER com.intellij.internal.statistic.uploader - [MP] Uploading finished with NOTHING_TO_SEND
13/06 17:40:13 FINER com.intellij.internal.statistic.uploader - [MP] No files to send
13/06 17:40:16 FINER com.intellij.internal.statistic.uploader - ed13-4a22-8277-34e20feebaf4-241.17890.14-release.log -> {"statusCode": 200, "body": "\"Lambda has successfully processed record from fus-fus-delivery-v5-prod\""}
13/06 17:40:16 FINER com.intellij.internal.statistic.uploader - Removed sent log: ed13-4a22-8277-34e20feebaf4-241.17890.14-release.log
13/06 17:40:16  INFO com.intellij.internal.statistic.uploader.events - 1718279716687 SEND FUS 1 0 1 [L2hvbWUvb2xlbmVwYWwvLmNhY2hlL0pldEJyYWlucy9QeUNoYXJtQ0UyMDI0LjEvZXZlbnQtbG9nLWRhdGEvbG9ncy9GVVMvZWQxMy00YTIyLTgyNzctMzRlMjBmZWViYWY0LTI0MS4xNzg5MC4xNC1yZWxlYXNlLmxvZw==] []
13/06 17:40:16  INFO com.intellij.internal.statistic.uploader.events - 1718279716692 FINISHED FUS
13/06 17:40:16 FINER com.intellij.internal.statistic.uploader - [FUS] Uploading finished with SEND
13/06 17:40:16 FINER com.intellij.internal.statistic.uploader - [FUS] Uploaded 1 files.
