09/04 12:07:30  INFO com.intellij.internal.statistic.uploader - Process started with '--ide-token /home/olenepal/.cache/JetBrains/PyCharmCE2023.3/token --recorders FUS;MP --device-fus 11122330211f2d6-b050-4959-98a3-851dd9603fe3 --bucket-fus 64 --machine-fus e5dd32cc22059ff5f5a3e2743c88ad7767eca5b8afda5624b233f4a5cc42a56d --id-revision-fus 0 --files-fus /home/olenepal/.cache/JetBrains/PyCharmCE2023.3/event-log-data/logs/FUS/1b66-4b6a-815b-df46581a666a-233.15026.15-release.log --escape-fus true --device-mp 11122334815530d-15df-47d6-b14d-28ef8f30bbd2 --bucket-mp 197 --machine-mp 5f6e42c5a9369578c5dd5457da00e1bb6d3b531bda4d94f1eca6113424e02048 --id-revision-mp 0 --files-mp  --escape-mp true --url https://resources.jetbrains.com/storage/fus/config/v4/%s/%s.json --product PC --product-version 2023.3.5 --baseline-version 233 --user-agent PyCharm/233.15026.15 --extra-headers '
09/04 12:07:30  INFO com.intellij.internal.statistic.uploader - Classpath:/snap/pycharm-community/378/lib/util-8.jar:/snap/pycharm-community/378/lib/annotations.jar:/snap/pycharm-community/378/lib/lib-client.jar:/snap/pycharm-community/378/lib/stats.jar
09/04 12:07:30  INFO com.intellij.internal.statistic.uploader.events - 1712643750715 STARTED ALL
09/04 12:07:30  INFO com.intellij.internal.statistic.uploader - IDE token file: /home/olenepal/.cache/JetBrains/PyCharmCE2023.3/token
09/04 12:07:30  INFO com.intellij.internal.statistic.uploader - [FUS] Start uploading...
09/04 12:07:30  INFO com.intellij.internal.statistic.uploader - [MP] Start uploading...
09/04 12:07:30  INFO com.intellij.internal.statistic.uploader - [MP] {product:PC, productVersion:2023.3.5, userAgent:PyCharm/233.15026.15(External), url: https://resources.jetbrains.com/storage/fus/config/v4/%s/%s.json, internal:false, isTestConfig:false, isTestSendEndpoint:false}
09/04 12:07:30  INFO com.intellij.internal.statistic.uploader - [FUS] {product:PC, productVersion:2023.3.5, userAgent:PyCharm/233.15026.15(External), url: https://resources.jetbrains.com/storage/fus/config/v4/%s/%s.json, internal:false, isTestConfig:false, isTestSendEndpoint:false}
09/04 12:07:30  INFO com.intellij.internal.statistic.uploader - [MP] {recorder:MP, files:}
09/04 12:07:30  INFO com.intellij.internal.statistic.uploader - [FUS] {recorder:FUS, files:/home/olenepal/.cache/JetBrains/PyCharmCE2023.3/event-log-data/logs/FUS/1b66-4b6a-815b-df46581a666a-233.15026.15-release.log}
09/04 12:07:30  INFO com.intellij.internal.statistic.uploader - [FUS] {device:11122330211f2d6-b050-4959-98a3-851dd9603fe3, bucket:64}
09/04 12:07:30  INFO com.intellij.internal.statistic.uploader - [MP] {device:11122334815530d-15df-47d6-b14d-28ef8f30bbd2, bucket:197}
09/04 12:07:30  INFO com.intellij.internal.statistic.uploader.events - 1712643750773 FINISHED MP NOTHING_TO_SEND
09/04 12:07:30 FINER com.intellij.internal.statistic.uploader - [MP] Uploading finished with NOTHING_TO_SEND
09/04 12:07:30 FINER com.intellij.internal.statistic.uploader - [MP] No files to send
09/04 12:07:33 FINER com.intellij.internal.statistic.uploader - 1b66-4b6a-815b-df46581a666a-233.15026.15-release.log -> ""
09/04 12:07:33 FINER com.intellij.internal.statistic.uploader - Removed sent log: 1b66-4b6a-815b-df46581a666a-233.15026.15-release.log
09/04 12:07:33  INFO com.intellij.internal.statistic.uploader.events - 1712643753992 SEND FUS 1 0 1 [L2hvbWUvb2xlbmVwYWwvLmNhY2hlL0pldEJyYWlucy9QeUNoYXJtQ0UyMDIzLjMvZXZlbnQtbG9nLWRhdGEvbG9ncy9GVVMvMWI2Ni00YjZhLTgxNWItZGY0NjU4MWE2NjZhLTIzMy4xNTAyNi4xNS1yZWxlYXNlLmxvZw==] []
09/04 12:07:33  INFO com.intellij.internal.statistic.uploader.events - 1712643753998 FINISHED FUS
09/04 12:07:33 FINER com.intellij.internal.statistic.uploader - [FUS] Uploading finished with SEND
09/04 12:07:33 FINER com.intellij.internal.statistic.uploader - [FUS] Uploaded 1 files.
