usb-creator 2023-12-11 11:51:35,230 (DEBUG) backend.py:26: UDisks2Backend
usb-creator 2023-12-11 11:51:35,345 (DEBUG) backend.py:22: Backend told to add: /home/olenepal/Downloads/ubuntu-22.04.3-desktop-amd64.iso
usb-creator 2023-12-11 11:51:35,345 (DEBUG) misc.py:115: ['isoinfo', '-J', '-i', '/home/olenepal/Downloads/ubuntu-22.04.3-desktop-amd64.iso', '-x', '/.disk/info']
usb-creator 2023-12-11 11:51:35,350 (DEBUG) frontend.py:185: add_source: /home/olenepal/Downloads/ubuntu-22.04.3-desktop-amd64.iso
usb-creator 2023-12-11 11:51:35,351 (DEBUG) backend.py:22: Backend told to add: /home/olenepal/Downloads/Win11_23H2_EnglishInternational_x64.iso
usb-creator 2023-12-11 11:51:35,351 (DEBUG) misc.py:115: ['isoinfo', '-J', '-i', '/home/olenepal/Downloads/Win11_23H2_EnglishInternational_x64.iso', '-x', '/.disk/info']
usb-creator 2023-12-11 11:51:35,353 (ERROR) backend.py:156: Could not extract .disk/info.
usb-creator 2023-12-11 11:51:35,353 (DEBUG) misc.py:115: ['isoinfo', '-J', '-i', '/home/olenepal/Downloads/Win11_23H2_EnglishInternational_x64.iso', '-x', '/.disk/mini-info']
usb-creator 2023-12-11 11:51:35,354 (ERROR) backend.py:156: Could not extract .disk/info.
usb-creator 2023-12-11 11:51:35,449 (DEBUG) backend.py:66: detect_devices
usb-creator 2023-12-11 11:51:35,451 (DEBUG) backend.py:106: drive added: /org/freedesktop/UDisks2/block_devices/sdb
usb-creator 2023-12-11 11:51:35,451 (DEBUG) frontend.py:204: add_target: /org/freedesktop/UDisks2/block_devices/sdb
usb-creator 2023-12-11 11:52:04,377 (DEBUG) backend.py:161: install source: /home/olenepal/Downloads/ubuntu-22.04.3-desktop-amd64.iso
usb-creator 2023-12-11 11:52:04,377 (DEBUG) backend.py:162: install target: /org/freedesktop/UDisks2/block_devices/sdb
usb-creator 2023-12-11 11:52:04,377 (DEBUG) backend.py:166: Starting install thread.
usb-creator 2023-12-11 11:52:04,377 (DEBUG) install.py:39: install thread source: /home/olenepal/Downloads/ubuntu-22.04.3-desktop-amd64.iso
usb-creator 2023-12-11 11:52:04,377 (DEBUG) install.py:40: install thread target: /org/freedesktop/UDisks2/block_devices/sdb
usb-creator 2024-02-20 15:17:24,944 (DEBUG) backend.py:26: UDisks2Backend
usb-creator 2024-02-20 15:17:25,115 (DEBUG) backend.py:66: detect_devices
usb-creator 2024-02-20 15:18:08,744 (DEBUG) backend.py:181: cancel_install
usb-creator 2024-02-20 15:21:49,214 (DEBUG) backend.py:26: UDisks2Backend
usb-creator 2024-02-20 15:21:49,273 (DEBUG) backend.py:22: Backend told to add: /home/olenepal/Downloads/Win11_22H2_EnglishInternational_x64v1.iso
usb-creator 2024-02-20 15:21:49,273 (DEBUG) misc.py:115: ['isoinfo', '-J', '-i', '/home/olenepal/Downloads/Win11_22H2_EnglishInternational_x64v1.iso', '-x', '/.disk/info']
usb-creator 2024-02-20 15:21:49,279 (ERROR) backend.py:156: Could not extract .disk/info.
usb-creator 2024-02-20 15:21:49,279 (DEBUG) misc.py:115: ['isoinfo', '-J', '-i', '/home/olenepal/Downloads/Win11_22H2_EnglishInternational_x64v1.iso', '-x', '/.disk/mini-info']
usb-creator 2024-02-20 15:21:49,280 (ERROR) backend.py:156: Could not extract .disk/info.
usb-creator 2024-02-20 15:21:49,352 (DEBUG) backend.py:66: detect_devices
usb-creator 2024-02-20 15:21:49,354 (DEBUG) backend.py:106: drive added: /org/freedesktop/UDisks2/block_devices/sdb
usb-creator 2024-02-20 15:21:49,354 (DEBUG) frontend.py:204: add_target: /org/freedesktop/UDisks2/block_devices/sdb
usb-creator 2024-02-20 15:22:07,808 (DEBUG) backend.py:22: Backend told to add: /home/olenepal/Downloads/Win11_22H2_EnglishInternational_x64v1.iso
usb-creator 2024-02-20 15:22:07,808 (DEBUG) misc.py:115: ['isoinfo', '-J', '-i', '/home/olenepal/Downloads/Win11_22H2_EnglishInternational_x64v1.iso', '-x', '/.disk/info']
usb-creator 2024-02-20 15:22:07,809 (ERROR) backend.py:156: Could not extract .disk/info.
usb-creator 2024-02-20 15:22:07,809 (DEBUG) misc.py:115: ['isoinfo', '-J', '-i', '/home/olenepal/Downloads/Win11_22H2_EnglishInternational_x64v1.iso', '-x', '/.disk/mini-info']
usb-creator 2024-02-20 15:22:07,810 (ERROR) backend.py:156: Could not extract .disk/info.
usb-creator 2024-02-20 15:22:19,614 (DEBUG) backend.py:22: Backend told to add: /home/olenepal/Downloads/Win11_22H2_EnglishInternational_x64v1.iso
usb-creator 2024-02-20 15:22:19,615 (DEBUG) misc.py:115: ['isoinfo', '-J', '-i', '/home/olenepal/Downloads/Win11_22H2_EnglishInternational_x64v1.iso', '-x', '/.disk/info']
usb-creator 2024-02-20 15:22:19,616 (ERROR) backend.py:156: Could not extract .disk/info.
usb-creator 2024-02-20 15:22:19,616 (DEBUG) misc.py:115: ['isoinfo', '-J', '-i', '/home/olenepal/Downloads/Win11_22H2_EnglishInternational_x64v1.iso', '-x', '/.disk/mini-info']
usb-creator 2024-02-20 15:22:19,617 (ERROR) backend.py:156: Could not extract .disk/info.
usb-creator 2024-02-20 15:22:47,656 (DEBUG) backend.py:22: Backend told to add: /home/olenepal/Downloads/Win11_22H2_EnglishInternational_x64v1.iso
usb-creator 2024-02-20 15:22:47,657 (DEBUG) misc.py:115: ['isoinfo', '-J', '-i', '/home/olenepal/Downloads/Win11_22H2_EnglishInternational_x64v1.iso', '-x', '/.disk/info']
usb-creator 2024-02-20 15:22:47,659 (ERROR) backend.py:156: Could not extract .disk/info.
usb-creator 2024-02-20 15:22:47,659 (DEBUG) misc.py:115: ['isoinfo', '-J', '-i', '/home/olenepal/Downloads/Win11_22H2_EnglishInternational_x64v1.iso', '-x', '/.disk/mini-info']
usb-creator 2024-02-20 15:22:47,661 (ERROR) backend.py:156: Could not extract .disk/info.
usb-creator 2024-02-20 15:23:40,314 (DEBUG) backend.py:22: Backend told to add: /home/olenepal/Downloads/Win11_22H2_EnglishInternational_x64v1.iso
usb-creator 2024-02-20 15:23:40,314 (DEBUG) misc.py:115: ['isoinfo', '-J', '-i', '/home/olenepal/Downloads/Win11_22H2_EnglishInternational_x64v1.iso', '-x', '/.disk/info']
usb-creator 2024-02-20 15:23:40,315 (ERROR) backend.py:156: Could not extract .disk/info.
usb-creator 2024-02-20 15:23:40,315 (DEBUG) misc.py:115: ['isoinfo', '-J', '-i', '/home/olenepal/Downloads/Win11_22H2_EnglishInternational_x64v1.iso', '-x', '/.disk/mini-info']
usb-creator 2024-02-20 15:23:40,316 (ERROR) backend.py:156: Could not extract .disk/info.
usb-creator 2024-02-20 15:27:11,451 (DEBUG) backend.py:22: Backend told to add: /home/olenepal/Downloads/Win11_22H2_EnglishInternational_x64v1.iso
usb-creator 2024-02-20 15:27:11,451 (DEBUG) misc.py:115: ['isoinfo', '-J', '-i', '/home/olenepal/Downloads/Win11_22H2_EnglishInternational_x64v1.iso', '-x', '/.disk/info']
usb-creator 2024-02-20 15:27:11,452 (ERROR) backend.py:156: Could not extract .disk/info.
usb-creator 2024-02-20 15:27:11,453 (DEBUG) misc.py:115: ['isoinfo', '-J', '-i', '/home/olenepal/Downloads/Win11_22H2_EnglishInternational_x64v1.iso', '-x', '/.disk/mini-info']
usb-creator 2024-02-20 15:27:11,454 (ERROR) backend.py:156: Could not extract .disk/info.
usb-creator 2024-02-20 15:27:30,999 (DEBUG) backend.py:181: cancel_install
usb-creator 2024-06-14 10:22:34,216 (DEBUG) backend.py:26: UDisks2Backend
usb-creator 2024-06-14 10:22:34,355 (DEBUG) backend.py:22: Backend told to add: /home/olenepal/Downloads/Win11_22H2_EnglishInternational_x64v1.iso
usb-creator 2024-06-14 10:22:34,356 (DEBUG) misc.py:115: ['isoinfo', '-J', '-i', '/home/olenepal/Downloads/Win11_22H2_EnglishInternational_x64v1.iso', '-x', '/.disk/info']
usb-creator 2024-06-14 10:22:34,360 (ERROR) backend.py:156: Could not extract .disk/info.
usb-creator 2024-06-14 10:22:34,361 (DEBUG) misc.py:115: ['isoinfo', '-J', '-i', '/home/olenepal/Downloads/Win11_22H2_EnglishInternational_x64v1.iso', '-x', '/.disk/mini-info']
usb-creator 2024-06-14 10:22:34,362 (ERROR) backend.py:156: Could not extract .disk/info.
usb-creator 2024-06-14 10:22:34,463 (DEBUG) backend.py:66: detect_devices
usb-creator 2024-06-14 10:25:17,564 (DEBUG) backend.py:140: device change /org/freedesktop/UDisks2/drives/HS_SSD_E100_256G_30009389308
usb-creator 2024-06-14 10:25:17,564 (DEBUG) backend.py:81: Device has been removed from the system: /org/freedesktop/UDisks2/drives/HS_SSD_E100_256G_30009389308
usb-creator 2024-06-14 10:35:15,447 (DEBUG) backend.py:140: device change /org/freedesktop/UDisks2/drives/HS_SSD_E100_256G_30009389308
usb-creator 2024-06-14 10:35:15,448 (DEBUG) backend.py:81: Device has been removed from the system: /org/freedesktop/UDisks2/drives/HS_SSD_E100_256G_30009389308
usb-creator 2024-06-14 10:45:15,441 (DEBUG) backend.py:140: device change /org/freedesktop/UDisks2/drives/HS_SSD_E100_256G_30009389308
usb-creator 2024-06-14 10:45:15,442 (DEBUG) backend.py:81: Device has been removed from the system: /org/freedesktop/UDisks2/drives/HS_SSD_E100_256G_30009389308
usb-creator 2024-06-14 10:50:53,926 (DEBUG) backend.py:106: drive added: /org/freedesktop/UDisks2/block_devices/sdb
usb-creator 2024-06-14 10:50:53,927 (DEBUG) frontend.py:204: add_target: /org/freedesktop/UDisks2/block_devices/sdb
usb-creator 2024-06-14 10:50:54,004 (DEBUG) backend.py:140: device change /org/freedesktop/UDisks2/block_devices/sdb
usb-creator 2024-06-14 10:50:54,004 (DEBUG) backend.py:81: Device has been removed from the system: /org/freedesktop/UDisks2/block_devices/sdb
usb-creator 2024-06-14 10:50:54,004 (DEBUG) backend.py:106: drive added: /org/freedesktop/UDisks2/block_devices/sdb
usb-creator 2024-06-14 10:50:54,005 (DEBUG) frontend.py:204: add_target: /org/freedesktop/UDisks2/block_devices/sdb
usb-creator 2024-06-14 10:50:54,055 (DEBUG) backend.py:140: device change /org/freedesktop/UDisks2/block_devices/sdb
usb-creator 2024-06-14 10:50:54,055 (DEBUG) backend.py:81: Device has been removed from the system: /org/freedesktop/UDisks2/block_devices/sdb
usb-creator 2024-06-14 10:50:54,056 (DEBUG) backend.py:106: drive added: /org/freedesktop/UDisks2/block_devices/sdb
usb-creator 2024-06-14 10:50:54,056 (DEBUG) frontend.py:204: add_target: /org/freedesktop/UDisks2/block_devices/sdb
usb-creator 2024-06-14 10:50:54,207 (DEBUG) backend.py:140: device change /org/freedesktop/UDisks2/block_devices/sdb
usb-creator 2024-06-14 10:50:54,207 (DEBUG) backend.py:81: Device has been removed from the system: /org/freedesktop/UDisks2/block_devices/sdb
usb-creator 2024-06-14 10:50:54,207 (DEBUG) backend.py:106: drive added: /org/freedesktop/UDisks2/block_devices/sdb
usb-creator 2024-06-14 10:50:54,207 (DEBUG) frontend.py:204: add_target: /org/freedesktop/UDisks2/block_devices/sdb
usb-creator 2024-06-14 10:50:54,246 (DEBUG) backend.py:140: device change /org/freedesktop/UDisks2/block_devices/sdb
usb-creator 2024-06-14 10:50:54,247 (DEBUG) backend.py:81: Device has been removed from the system: /org/freedesktop/UDisks2/block_devices/sdb
usb-creator 2024-06-14 10:50:54,247 (DEBUG) backend.py:106: drive added: /org/freedesktop/UDisks2/block_devices/sdb
usb-creator 2024-06-14 10:50:54,247 (DEBUG) frontend.py:204: add_target: /org/freedesktop/UDisks2/block_devices/sdb
usb-creator 2024-06-14 10:50:55,401 (DEBUG) backend.py:81: Device has been removed from the system: /org/freedesktop/UDisks2/jobs/0
usb-creator 2024-06-14 10:50:55,420 (DEBUG) backend.py:140: device change /org/freedesktop/UDisks2/block_devices/sdb4
usb-creator 2024-06-14 10:50:55,420 (DEBUG) backend.py:81: Device has been removed from the system: /org/freedesktop/UDisks2/block_devices/sdb4
usb-creator 2024-06-14 10:50:55,421 (DEBUG) backend.py:81: Device has been removed from the system: /org/freedesktop/UDisks2/jobs/1
usb-creator 2024-06-14 10:50:55,435 (DEBUG) backend.py:140: device change /org/freedesktop/UDisks2/block_devices/sdb4
usb-creator 2024-06-14 10:50:55,436 (DEBUG) backend.py:81: Device has been removed from the system: /org/freedesktop/UDisks2/block_devices/sdb4
usb-creator 2024-06-14 10:50:55,462 (DEBUG) backend.py:140: device change /org/freedesktop/UDisks2/block_devices/sdb
usb-creator 2024-06-14 10:50:55,462 (DEBUG) backend.py:81: Device has been removed from the system: /org/freedesktop/UDisks2/block_devices/sdb
usb-creator 2024-06-14 10:50:55,463 (DEBUG) backend.py:106: drive added: /org/freedesktop/UDisks2/block_devices/sdb
usb-creator 2024-06-14 10:50:55,463 (DEBUG) frontend.py:204: add_target: /org/freedesktop/UDisks2/block_devices/sdb
usb-creator 2024-06-14 10:50:55,466 (DEBUG) backend.py:140: device change /org/freedesktop/UDisks2/block_devices/sdb1
usb-creator 2024-06-14 10:50:55,467 (DEBUG) backend.py:81: Device has been removed from the system: /org/freedesktop/UDisks2/block_devices/sdb1
usb-creator 2024-06-14 10:50:55,512 (DEBUG) backend.py:140: device change /org/freedesktop/UDisks2/block_devices/sdb1
usb-creator 2024-06-14 10:50:55,512 (DEBUG) backend.py:81: Device has been removed from the system: /org/freedesktop/UDisks2/block_devices/sdb1
usb-creator 2024-06-14 10:51:40,128 (DEBUG) backend.py:22: Backend told to add: /home/olenepal/Downloads/Win11_22H2_EnglishInternational_x64v1.iso
usb-creator 2024-06-14 10:51:40,129 (DEBUG) misc.py:115: ['isoinfo', '-J', '-i', '/home/olenepal/Downloads/Win11_22H2_EnglishInternational_x64v1.iso', '-x', '/.disk/info']
usb-creator 2024-06-14 10:51:40,130 (ERROR) backend.py:156: Could not extract .disk/info.
usb-creator 2024-06-14 10:51:40,130 (DEBUG) misc.py:115: ['isoinfo', '-J', '-i', '/home/olenepal/Downloads/Win11_22H2_EnglishInternational_x64v1.iso', '-x', '/.disk/mini-info']
usb-creator 2024-06-14 10:51:40,131 (ERROR) backend.py:156: Could not extract .disk/info.
usb-creator 2024-06-14 10:52:55,776 (DEBUG) backend.py:181: cancel_install
usb-creator 2024-06-14 10:55:03,370 (DEBUG) backend.py:26: UDisks2Backend
usb-creator 2024-06-14 10:55:03,425 (DEBUG) backend.py:22: Backend told to add: /home/olenepal/Downloads/Win11_22H2_EnglishInternational_x64v1.iso
usb-creator 2024-06-14 10:55:03,425 (DEBUG) misc.py:115: ['isoinfo', '-J', '-i', '/home/olenepal/Downloads/Win11_22H2_EnglishInternational_x64v1.iso', '-x', '/.disk/info']
usb-creator 2024-06-14 10:55:03,426 (ERROR) backend.py:156: Could not extract .disk/info.
usb-creator 2024-06-14 10:55:03,427 (DEBUG) misc.py:115: ['isoinfo', '-J', '-i', '/home/olenepal/Downloads/Win11_22H2_EnglishInternational_x64v1.iso', '-x', '/.disk/mini-info']
usb-creator 2024-06-14 10:55:03,428 (ERROR) backend.py:156: Could not extract .disk/info.
usb-creator 2024-06-14 10:55:03,428 (DEBUG) backend.py:22: Backend told to add: /home/olenepal/Downloads/ubuntu-24.04-desktop-amd64.iso
usb-creator 2024-06-14 10:55:03,428 (DEBUG) misc.py:115: ['isoinfo', '-J', '-i', '/home/olenepal/Downloads/ubuntu-24.04-desktop-amd64.iso', '-x', '/.disk/info']
usb-creator 2024-06-14 10:55:03,433 (DEBUG) frontend.py:185: add_source: /home/olenepal/Downloads/ubuntu-24.04-desktop-amd64.iso
usb-creator 2024-06-14 10:55:03,470 (DEBUG) backend.py:66: detect_devices
usb-creator 2024-06-14 10:55:03,472 (DEBUG) backend.py:106: drive added: /org/freedesktop/UDisks2/block_devices/sdb
usb-creator 2024-06-14 10:55:03,472 (DEBUG) frontend.py:204: add_target: /org/freedesktop/UDisks2/block_devices/sdb
usb-creator 2024-06-14 10:55:10,637 (DEBUG) backend.py:161: install source: /home/olenepal/Downloads/ubuntu-24.04-desktop-amd64.iso
usb-creator 2024-06-14 10:55:10,637 (DEBUG) backend.py:162: install target: /org/freedesktop/UDisks2/block_devices/sdb
usb-creator 2024-06-14 10:55:10,637 (DEBUG) backend.py:166: Starting install thread.
usb-creator 2024-06-14 10:55:10,637 (DEBUG) install.py:39: install thread source: /home/olenepal/Downloads/ubuntu-24.04-desktop-amd64.iso
usb-creator 2024-06-14 10:55:10,638 (DEBUG) install.py:40: install thread target: /org/freedesktop/UDisks2/block_devices/sdb
