05/12 10:18:51  INFO com.intellij.internal.statistic.uploader - Process started with '--ide-token /home/olenepal/.cache/JetBrains/PyCharmCE2024.2/token --recorders FUS;MP --device-fus 11122330211f2d6-b050-4959-98a3-851dd9603fe3 --bucket-fus 64 --machine-fus e5dd32cc22059ff5f5a3e2743c88ad7767eca5b8afda5624b233f4a5cc42a56d --id-revision-fus 0 --files-fus /home/olenepal/.cache/JetBrains/PyCharmCE2024.2/event-log-data/logs/FUS/201a-49cd-a54d-3e51bd07d7c1-242.23726.102-release.log --escape-fus true --device-mp 11122334815530d-15df-47d6-b14d-28ef8f30bbd2 --bucket-mp 197 --machine-mp 5f6e42c5a9369578c5dd5457da00e1bb6d3b531bda4d94f1eca6113424e02048 --id-revision-mp 0 --files-mp /home/olenepal/.cache/JetBrains/PyCharmCE2024.2/event-log-data/logs/MP/4a00-435f-867b-d39c0980fe26-242.23726.102-release.log --escape-mp true --url https://resources.jetbrains.com/storage/fus/config/v4/%s/%s.json --product PC --product-version 2024.2.4 --baseline-version 242 --user-agent PyCharm/242.23726.102 --extra-headers '
05/12 10:18:52  INFO com.intellij.internal.statistic.uploader - Classpath:/snap/pycharm-community/425/lib/util-8.jar:/snap/pycharm-community/425/lib/annotations.jar:/snap/pycharm-community/425/lib/lib-client.jar:/snap/pycharm-community/425/lib/stats.jar
05/12 10:18:52  INFO com.intellij.internal.statistic.uploader.events - 1733373232083 STARTED ALL
05/12 10:18:52  INFO com.intellij.internal.statistic.uploader - IDE token file: /home/olenepal/.cache/JetBrains/PyCharmCE2024.2/token
05/12 10:18:52  INFO com.intellij.internal.statistic.uploader - [FUS] Start uploading...
05/12 10:18:52  INFO com.intellij.internal.statistic.uploader - [MP] Start uploading...
05/12 10:18:52  INFO com.intellij.internal.statistic.uploader - [FUS] {product:PC, productVersion:2024.2.4, userAgent:PyCharm/242.23726.102(External), url: https://resources.jetbrains.com/storage/fus/config/v4/%s/%s.json, internal:false, isTestConfig:false, isTestSendEndpoint:false}
05/12 10:18:52  INFO com.intellij.internal.statistic.uploader - [MP] {product:PC, productVersion:2024.2.4, userAgent:PyCharm/242.23726.102(External), url: https://resources.jetbrains.com/storage/fus/config/v4/%s/%s.json, internal:false, isTestConfig:false, isTestSendEndpoint:false}
05/12 10:18:52  INFO com.intellij.internal.statistic.uploader - [FUS] {recorder:FUS, files:/home/olenepal/.cache/JetBrains/PyCharmCE2024.2/event-log-data/logs/FUS/201a-49cd-a54d-3e51bd07d7c1-242.23726.102-release.log}
05/12 10:18:52  INFO com.intellij.internal.statistic.uploader - [MP] {recorder:MP, files:/home/olenepal/.cache/JetBrains/PyCharmCE2024.2/event-log-data/logs/MP/4a00-435f-867b-d39c0980fe26-242.23726.102-release.log}
05/12 10:18:52  INFO com.intellij.internal.statistic.uploader - [MP] {device:11122334815530d-15df-47d6-b14d-28ef8f30bbd2, bucket:197}
05/12 10:18:52  INFO com.intellij.internal.statistic.uploader - [FUS] {device:11122330211f2d6-b050-4959-98a3-851dd9603fe3, bucket:64}
05/12 10:18:54 FINER com.intellij.internal.statistic.uploader - 4a00-435f-867b-d39c0980fe26-242.23726.102-release.log -> ""
05/12 10:18:54 FINER com.intellij.internal.statistic.uploader - Removed sent log: 4a00-435f-867b-d39c0980fe26-242.23726.102-release.log
05/12 10:18:54  INFO com.intellij.internal.statistic.uploader.events - 1733373234767 SEND MP 1 0 1 [L2hvbWUvb2xlbmVwYWwvLmNhY2hlL0pldEJyYWlucy9QeUNoYXJtQ0UyMDI0LjIvZXZlbnQtbG9nLWRhdGEvbG9ncy9NUC80YTAwLTQzNWYtODY3Yi1kMzljMDk4MGZlMjYtMjQyLjIzNzI2LjEwMi1yZWxlYXNlLmxvZw==] []
05/12 10:18:54  INFO com.intellij.internal.statistic.uploader.events - 1733373234772 FINISHED MP
05/12 10:18:54 FINER com.intellij.internal.statistic.uploader - [MP] Uploading finished with SEND
05/12 10:18:54 FINER com.intellij.internal.statistic.uploader - [MP] Uploaded 1 files.
05/12 10:18:55 FINER com.intellij.internal.statistic.uploader - 201a-49cd-a54d-3e51bd07d7c1-242.23726.102-release.log -> ""
05/12 10:18:55 FINER com.intellij.internal.statistic.uploader - Removed sent log: 201a-49cd-a54d-3e51bd07d7c1-242.23726.102-release.log
05/12 10:18:55  INFO com.intellij.internal.statistic.uploader.events - 1733373235701 SEND FUS 1 0 1 [L2hvbWUvb2xlbmVwYWwvLmNhY2hlL0pldEJyYWlucy9QeUNoYXJtQ0UyMDI0LjIvZXZlbnQtbG9nLWRhdGEvbG9ncy9GVVMvMjAxYS00OWNkLWE1NGQtM2U1MWJkMDdkN2MxLTI0Mi4yMzcyNi4xMDItcmVsZWFzZS5sb2c=] []
05/12 10:18:55  INFO com.intellij.internal.statistic.uploader.events - 1733373235701 FINISHED FUS
05/12 10:18:55 FINER com.intellij.internal.statistic.uploader - [FUS] Uploading finished with SEND
05/12 10:18:55 FINER com.intellij.internal.statistic.uploader - [FUS] Uploaded 1 files.
